\BOOKMARK [0][-]{tocmark.0}{Contents}{}% 1
\BOOKMARK [0][-]{chapter.1}{Atari Gym}{}% 2
\BOOKMARK [1][-]{section.1.1}{Problem Statement}{chapter.1}% 3
\BOOKMARK [1][-]{section.1.2}{Motivations}{chapter.1}% 4
\BOOKMARK [1][-]{section.1.3}{Project Scope}{chapter.1}% 5
\BOOKMARK [1][-]{section.1.4}{Report Outline}{chapter.1}% 6
\BOOKMARK [0][-]{chapter.2}{Background and Related Work}{}% 7
\BOOKMARK [1][-]{section.2.1}{Background}{chapter.2}% 8
\BOOKMARK [1][-]{section.2.2}{Related work}{chapter.2}% 9
\BOOKMARK [1][-]{section.2.3}{Summary}{chapter.2}% 10
\BOOKMARK [0][-]{chapter.3}{Design and Implementation}{}% 11
\BOOKMARK [1][-]{section.3.1}{Smart Design}{chapter.3}% 12
\BOOKMARK [1][-]{section.3.2}{Summary}{chapter.3}% 13
\BOOKMARK [0][-]{chapter.4}{Experimental Methodology}{}% 14
\BOOKMARK [1][-]{section.4.1}{Software platform}{chapter.4}% 15
\BOOKMARK [1][-]{section.4.2}{Hardware platform}{chapter.4}% 16
\BOOKMARK [0][-]{chapter.5}{Results}{}% 17
\BOOKMARK [1][-]{section.5.1}{Direct Cost}{chapter.5}% 18
\BOOKMARK [1][-]{section.5.2}{Summary}{chapter.5}% 19
\BOOKMARK [0][-]{chapter.6}{Conclusion}{}% 20
\BOOKMARK [1][-]{section.6.1}{Future Work}{chapter.6}% 21
\BOOKMARK [0][-]{section*.6}{Bibliography}{}% 22
